2018-11-17 00:11:41,126 INFO  main                             - 
Found 0 SOFABoot component health checkers:
Found 2 HealthIndicator checkers:
class org.springframework.boot.actuate.health.DiskSpaceHealthIndicator
class org.springframework.boot.actuate.health.DataSourceHealthIndicator

2018-11-17 00:11:41,141 INFO  main                             - Begin first phase of the readiness check
2018-11-17 00:11:41,142 INFO  main                             - Begin SpringContext readiness check.
2018-11-17 00:11:41,142 INFO  main                             - SpringContext readiness check result: success.
2018-11-17 00:11:41,142 INFO  main                             - Begin SOFABoot component readiness check.
2018-11-17 00:11:41,143 INFO  main                             - SOFABoot component readiness check result: success.
2018-11-17 00:11:41,143 INFO  main                             - Begin HealthIndicator readiness check.
2018-11-17 00:11:41,147 INFO  main                             - HealthIndicator (class org.springframework.boot.actuate.health.DiskSpaceHealthIndicator)check success.
2018-11-17 00:11:41,276 INFO  main                             - HealthIndicator (class org.springframework.boot.actuate.health.DataSourceHealthIndicator)check success.
2018-11-17 00:11:41,277 INFO  main                             - Readiness check HealthIndicator result: success.
2018-11-17 00:11:41,277 INFO  main                             - first phase of the readiness check result: success
2018-11-17 00:11:41,277 INFO  main                             - Begin second phase of the readiness check
2018-11-17 00:11:41,277 INFO  main                             - Begin SofaBootMiddlewareAfterReadinessCheckCallback readiness check
2018-11-17 00:11:41,279 INFO  main                             - SofaBootMiddlewareAfterReadinessCheckCallback readiness check result: success.
2018-11-17 00:11:41,279 INFO  main                             - Begin SofaBootAfterReadinessCheckCallback readiness check
2018-11-17 00:11:41,281 INFO  main                             - SofaBootAfterReadinessCheckCallback readiness check result: success.
2018-11-17 00:11:41,281 INFO  main                             - SOFABoot readiness check callback : success.
2018-11-17 00:11:41,281 INFO  main                             - second phase of the readiness check result: success
2018-11-17 00:11:41,282 INFO  main                             - Readiness check result: success
2018-11-17 00:11:42,058 INFO  RMI TCP Connection(9)-127.0.0.1  - Begin SOFABoot component readiness check.
2018-11-17 00:11:42,058 INFO  RMI TCP Connection(9)-127.0.0.1  - SOFABoot component readiness check result: success.
2018-11-17 00:11:42,058 INFO  RMI TCP Connection(9)-127.0.0.1  - Begin SpringContext readiness check.
2018-11-17 00:11:42,058 INFO  RMI TCP Connection(9)-127.0.0.1  - SpringContext readiness check result: success.
2018-11-17 00:37:06,932 INFO  main                             - 
Found 0 SOFABoot component health checkers:
Found 2 HealthIndicator checkers:
class org.springframework.boot.actuate.health.DiskSpaceHealthIndicator
class org.springframework.boot.actuate.health.DataSourceHealthIndicator

2018-11-17 00:37:06,935 INFO  main                             - Begin first phase of the readiness check
2018-11-17 00:37:06,935 INFO  main                             - Begin SpringContext readiness check.
2018-11-17 00:37:06,935 INFO  main                             - SpringContext readiness check result: success.
2018-11-17 00:37:06,935 INFO  main                             - Begin SOFABoot component readiness check.
2018-11-17 00:37:06,935 INFO  main                             - SOFABoot component readiness check result: success.
2018-11-17 00:37:06,935 INFO  main                             - Begin HealthIndicator readiness check.
2018-11-17 00:37:06,938 INFO  main                             - HealthIndicator (class org.springframework.boot.actuate.health.DiskSpaceHealthIndicator)check success.
2018-11-17 00:37:07,033 INFO  main                             - HealthIndicator (class org.springframework.boot.actuate.health.DataSourceHealthIndicator)check success.
2018-11-17 00:37:07,033 INFO  main                             - Readiness check HealthIndicator result: success.
2018-11-17 00:37:07,033 INFO  main                             - first phase of the readiness check result: success
2018-11-17 00:37:07,033 INFO  main                             - Begin second phase of the readiness check
2018-11-17 00:37:07,033 INFO  main                             - Begin SofaBootMiddlewareAfterReadinessCheckCallback readiness check
2018-11-17 00:37:07,036 INFO  main                             - SofaBootMiddlewareAfterReadinessCheckCallback readiness check result: success.
2018-11-17 00:37:07,036 INFO  main                             - Begin SofaBootAfterReadinessCheckCallback readiness check
2018-11-17 00:37:07,038 INFO  main                             - SofaBootAfterReadinessCheckCallback readiness check result: success.
2018-11-17 00:37:07,038 INFO  main                             - SOFABoot readiness check callback : success.
2018-11-17 00:37:07,038 INFO  main                             - second phase of the readiness check result: success
2018-11-17 00:37:07,038 INFO  main                             - Readiness check result: success
2018-11-17 00:37:07,593 INFO  RMI TCP Connection(2)-127.0.0.1  - Begin SOFABoot component readiness check.
2018-11-17 00:37:07,593 INFO  RMI TCP Connection(2)-127.0.0.1  - SOFABoot component readiness check result: success.
2018-11-17 00:37:07,593 INFO  RMI TCP Connection(2)-127.0.0.1  - Begin SpringContext readiness check.
2018-11-17 00:37:07,593 INFO  RMI TCP Connection(2)-127.0.0.1  - SpringContext readiness check result: success.
2018-11-17 00:46:25,365 INFO  main                             - 
Found 0 SOFABoot component health checkers:
Found 2 HealthIndicator checkers:
class org.springframework.boot.actuate.health.DiskSpaceHealthIndicator
class org.springframework.boot.actuate.health.DataSourceHealthIndicator

2018-11-17 00:46:25,368 INFO  main                             - Begin first phase of the readiness check
2018-11-17 00:46:25,368 INFO  main                             - Begin SpringContext readiness check.
2018-11-17 00:46:25,368 INFO  main                             - SpringContext readiness check result: success.
2018-11-17 00:46:25,368 INFO  main                             - Begin SOFABoot component readiness check.
2018-11-17 00:46:25,368 INFO  main                             - SOFABoot component readiness check result: success.
2018-11-17 00:46:25,368 INFO  main                             - Begin HealthIndicator readiness check.
2018-11-17 00:46:25,370 INFO  main                             - HealthIndicator (class org.springframework.boot.actuate.health.DiskSpaceHealthIndicator)check success.
2018-11-17 00:46:25,441 INFO  main                             - HealthIndicator (class org.springframework.boot.actuate.health.DataSourceHealthIndicator)check success.
2018-11-17 00:46:25,441 INFO  main                             - Readiness check HealthIndicator result: success.
2018-11-17 00:46:25,441 INFO  main                             - first phase of the readiness check result: success
2018-11-17 00:46:25,441 INFO  main                             - Begin second phase of the readiness check
2018-11-17 00:46:25,441 INFO  main                             - Begin SofaBootMiddlewareAfterReadinessCheckCallback readiness check
2018-11-17 00:46:25,442 INFO  main                             - SofaBootMiddlewareAfterReadinessCheckCallback readiness check result: success.
2018-11-17 00:46:25,442 INFO  main                             - Begin SofaBootAfterReadinessCheckCallback readiness check
2018-11-17 00:46:25,444 INFO  main                             - SofaBootAfterReadinessCheckCallback readiness check result: success.
2018-11-17 00:46:25,444 INFO  main                             - SOFABoot readiness check callback : success.
2018-11-17 00:46:25,444 INFO  main                             - second phase of the readiness check result: success
2018-11-17 00:46:25,444 INFO  main                             - Readiness check result: success
2018-11-17 00:46:25,949 INFO  RMI TCP Connection(6)-127.0.0.1  - Begin SOFABoot component readiness check.
2018-11-17 00:46:25,949 INFO  RMI TCP Connection(6)-127.0.0.1  - SOFABoot component readiness check result: success.
2018-11-17 00:46:25,949 INFO  RMI TCP Connection(6)-127.0.0.1  - Begin SpringContext readiness check.
2018-11-17 00:46:25,949 INFO  RMI TCP Connection(6)-127.0.0.1  - SpringContext readiness check result: success.
2018-11-17 00:55:47,213 INFO  main                             - 
Found 0 SOFABoot component health checkers:
Found 2 HealthIndicator checkers:
class org.springframework.boot.actuate.health.DiskSpaceHealthIndicator
class org.springframework.boot.actuate.health.DataSourceHealthIndicator

2018-11-17 00:55:47,216 INFO  main                             - Begin first phase of the readiness check
2018-11-17 00:55:47,216 INFO  main                             - Begin SpringContext readiness check.
2018-11-17 00:55:47,217 INFO  main                             - SpringContext readiness check result: success.
2018-11-17 00:55:47,217 INFO  main                             - Begin SOFABoot component readiness check.
2018-11-17 00:55:47,217 INFO  main                             - SOFABoot component readiness check result: success.
2018-11-17 00:55:47,217 INFO  main                             - Begin HealthIndicator readiness check.
2018-11-17 00:55:47,218 INFO  main                             - HealthIndicator (class org.springframework.boot.actuate.health.DiskSpaceHealthIndicator)check success.
2018-11-17 00:55:47,292 INFO  main                             - HealthIndicator (class org.springframework.boot.actuate.health.DataSourceHealthIndicator)check success.
2018-11-17 00:55:47,292 INFO  main                             - Readiness check HealthIndicator result: success.
2018-11-17 00:55:47,292 INFO  main                             - first phase of the readiness check result: success
2018-11-17 00:55:47,292 INFO  main                             - Begin second phase of the readiness check
2018-11-17 00:55:47,292 INFO  main                             - Begin SofaBootMiddlewareAfterReadinessCheckCallback readiness check
2018-11-17 00:55:47,294 INFO  main                             - SofaBootMiddlewareAfterReadinessCheckCallback readiness check result: success.
2018-11-17 00:55:47,294 INFO  main                             - Begin SofaBootAfterReadinessCheckCallback readiness check
2018-11-17 00:55:47,296 INFO  main                             - SofaBootAfterReadinessCheckCallback readiness check result: success.
2018-11-17 00:55:47,297 INFO  main                             - SOFABoot readiness check callback : success.
2018-11-17 00:55:47,297 INFO  main                             - second phase of the readiness check result: success
2018-11-17 00:55:47,297 INFO  main                             - Readiness check result: success
2018-11-17 00:55:47,855 INFO  RMI TCP Connection(7)-127.0.0.1  - Begin SOFABoot component readiness check.
2018-11-17 00:55:47,856 INFO  RMI TCP Connection(7)-127.0.0.1  - SOFABoot component readiness check result: success.
2018-11-17 00:55:47,856 INFO  RMI TCP Connection(7)-127.0.0.1  - Begin SpringContext readiness check.
2018-11-17 00:55:47,856 INFO  RMI TCP Connection(7)-127.0.0.1  - SpringContext readiness check result: success.
2018-11-17 00:57:25,872 INFO  main                             - 
Found 0 SOFABoot component health checkers:
Found 2 HealthIndicator checkers:
class org.springframework.boot.actuate.health.DiskSpaceHealthIndicator
class org.springframework.boot.actuate.health.DataSourceHealthIndicator

2018-11-17 00:57:25,878 INFO  main                             - Begin first phase of the readiness check
2018-11-17 00:57:25,878 INFO  main                             - Begin SpringContext readiness check.
2018-11-17 00:57:25,878 INFO  main                             - SpringContext readiness check result: success.
2018-11-17 00:57:25,878 INFO  main                             - Begin SOFABoot component readiness check.
2018-11-17 00:57:25,878 INFO  main                             - SOFABoot component readiness check result: success.
2018-11-17 00:57:25,878 INFO  main                             - Begin HealthIndicator readiness check.
2018-11-17 00:57:25,879 INFO  main                             - HealthIndicator (class org.springframework.boot.actuate.health.DiskSpaceHealthIndicator)check success.
2018-11-17 00:57:25,947 INFO  main                             - HealthIndicator (class org.springframework.boot.actuate.health.DataSourceHealthIndicator)check success.
2018-11-17 00:57:25,947 INFO  main                             - Readiness check HealthIndicator result: success.
2018-11-17 00:57:25,947 INFO  main                             - first phase of the readiness check result: success
2018-11-17 00:57:25,948 INFO  main                             - Begin second phase of the readiness check
2018-11-17 00:57:25,948 INFO  main                             - Begin SofaBootMiddlewareAfterReadinessCheckCallback readiness check
2018-11-17 00:57:25,951 INFO  main                             - SofaBootMiddlewareAfterReadinessCheckCallback readiness check result: success.
2018-11-17 00:57:25,952 INFO  main                             - Begin SofaBootAfterReadinessCheckCallback readiness check
2018-11-17 00:57:25,954 INFO  main                             - SofaBootAfterReadinessCheckCallback readiness check result: success.
2018-11-17 00:57:25,954 INFO  main                             - SOFABoot readiness check callback : success.
2018-11-17 00:57:25,954 INFO  main                             - second phase of the readiness check result: success
2018-11-17 00:57:25,954 INFO  main                             - Readiness check result: success
2018-11-17 00:57:26,448 INFO  RMI TCP Connection(3)-127.0.0.1  - Begin SOFABoot component readiness check.
2018-11-17 00:57:26,449 INFO  RMI TCP Connection(3)-127.0.0.1  - SOFABoot component readiness check result: success.
2018-11-17 00:57:26,449 INFO  RMI TCP Connection(3)-127.0.0.1  - Begin SpringContext readiness check.
2018-11-17 00:57:26,449 INFO  RMI TCP Connection(3)-127.0.0.1  - SpringContext readiness check result: success.
2018-11-17 00:59:36,534 INFO  main                             - 
Found 0 SOFABoot component health checkers:
Found 2 HealthIndicator checkers:
class org.springframework.boot.actuate.health.DiskSpaceHealthIndicator
class org.springframework.boot.actuate.health.DataSourceHealthIndicator

2018-11-17 00:59:36,537 INFO  main                             - Begin first phase of the readiness check
2018-11-17 00:59:36,537 INFO  main                             - Begin SpringContext readiness check.
2018-11-17 00:59:36,537 INFO  main                             - SpringContext readiness check result: success.
2018-11-17 00:59:36,537 INFO  main                             - Begin SOFABoot component readiness check.
2018-11-17 00:59:36,537 INFO  main                             - SOFABoot component readiness check result: success.
2018-11-17 00:59:36,537 INFO  main                             - Begin HealthIndicator readiness check.
2018-11-17 00:59:36,538 INFO  main                             - HealthIndicator (class org.springframework.boot.actuate.health.DiskSpaceHealthIndicator)check success.
2018-11-17 00:59:36,615 INFO  main                             - HealthIndicator (class org.springframework.boot.actuate.health.DataSourceHealthIndicator)check success.
2018-11-17 00:59:36,615 INFO  main                             - Readiness check HealthIndicator result: success.
2018-11-17 00:59:36,615 INFO  main                             - first phase of the readiness check result: success
2018-11-17 00:59:36,615 INFO  main                             - Begin second phase of the readiness check
2018-11-17 00:59:36,616 INFO  main                             - Begin SofaBootMiddlewareAfterReadinessCheckCallback readiness check
2018-11-17 00:59:36,619 INFO  main                             - SofaBootMiddlewareAfterReadinessCheckCallback readiness check result: success.
2018-11-17 00:59:36,619 INFO  main                             - Begin SofaBootAfterReadinessCheckCallback readiness check
2018-11-17 00:59:36,622 INFO  main                             - SofaBootAfterReadinessCheckCallback readiness check result: success.
2018-11-17 00:59:36,623 INFO  main                             - SOFABoot readiness check callback : success.
2018-11-17 00:59:36,623 INFO  main                             - second phase of the readiness check result: success
2018-11-17 00:59:36,623 INFO  main                             - Readiness check result: success
2018-11-17 00:59:37,321 INFO  RMI TCP Connection(7)-127.0.0.1  - Begin SOFABoot component readiness check.
2018-11-17 00:59:37,321 INFO  RMI TCP Connection(7)-127.0.0.1  - SOFABoot component readiness check result: success.
2018-11-17 00:59:37,321 INFO  RMI TCP Connection(7)-127.0.0.1  - Begin SpringContext readiness check.
2018-11-17 00:59:37,321 INFO  RMI TCP Connection(7)-127.0.0.1  - SpringContext readiness check result: success.
2018-11-17 01:00:27,788 INFO  main                             - 
Found 0 SOFABoot component health checkers:
Found 2 HealthIndicator checkers:
class org.springframework.boot.actuate.health.DiskSpaceHealthIndicator
class org.springframework.boot.actuate.health.DataSourceHealthIndicator

2018-11-17 01:00:27,793 INFO  main                             - Begin first phase of the readiness check
2018-11-17 01:00:27,793 INFO  main                             - Begin SpringContext readiness check.
2018-11-17 01:00:27,793 INFO  main                             - SpringContext readiness check result: success.
2018-11-17 01:00:27,793 INFO  main                             - Begin SOFABoot component readiness check.
2018-11-17 01:00:27,793 INFO  main                             - SOFABoot component readiness check result: success.
2018-11-17 01:00:27,793 INFO  main                             - Begin HealthIndicator readiness check.
2018-11-17 01:00:27,795 INFO  main                             - HealthIndicator (class org.springframework.boot.actuate.health.DiskSpaceHealthIndicator)check success.
2018-11-17 01:00:27,907 INFO  main                             - HealthIndicator (class org.springframework.boot.actuate.health.DataSourceHealthIndicator)check success.
2018-11-17 01:00:27,907 INFO  main                             - Readiness check HealthIndicator result: success.
2018-11-17 01:00:27,907 INFO  main                             - first phase of the readiness check result: success
2018-11-17 01:00:27,908 INFO  main                             - Begin second phase of the readiness check
2018-11-17 01:00:27,908 INFO  main                             - Begin SofaBootMiddlewareAfterReadinessCheckCallback readiness check
2018-11-17 01:00:27,909 INFO  main                             - SofaBootMiddlewareAfterReadinessCheckCallback readiness check result: success.
2018-11-17 01:00:27,909 INFO  main                             - Begin SofaBootAfterReadinessCheckCallback readiness check
2018-11-17 01:00:27,911 INFO  main                             - SofaBootAfterReadinessCheckCallback readiness check result: success.
2018-11-17 01:00:27,911 INFO  main                             - SOFABoot readiness check callback : success.
2018-11-17 01:00:27,911 INFO  main                             - second phase of the readiness check result: success
2018-11-17 01:00:27,911 INFO  main                             - Readiness check result: success
2018-11-17 01:00:28,711 INFO  RMI TCP Connection(6)-127.0.0.1  - Begin SOFABoot component readiness check.
2018-11-17 01:00:28,711 INFO  RMI TCP Connection(6)-127.0.0.1  - SOFABoot component readiness check result: success.
2018-11-17 01:00:28,711 INFO  RMI TCP Connection(6)-127.0.0.1  - Begin SpringContext readiness check.
2018-11-17 01:00:28,711 INFO  RMI TCP Connection(6)-127.0.0.1  - SpringContext readiness check result: success.
2018-11-17 01:01:33,814 INFO  main                             - 
Found 0 SOFABoot component health checkers:
Found 2 HealthIndicator checkers:
class org.springframework.boot.actuate.health.DiskSpaceHealthIndicator
class org.springframework.boot.actuate.health.DataSourceHealthIndicator

2018-11-17 01:01:33,818 INFO  main                             - Begin first phase of the readiness check
2018-11-17 01:01:33,818 INFO  main                             - Begin SpringContext readiness check.
2018-11-17 01:01:33,818 INFO  main                             - SpringContext readiness check result: success.
2018-11-17 01:01:33,818 INFO  main                             - Begin SOFABoot component readiness check.
2018-11-17 01:01:33,818 INFO  main                             - SOFABoot component readiness check result: success.
2018-11-17 01:01:33,818 INFO  main                             - Begin HealthIndicator readiness check.
2018-11-17 01:01:33,819 INFO  main                             - HealthIndicator (class org.springframework.boot.actuate.health.DiskSpaceHealthIndicator)check success.
2018-11-17 01:01:33,911 INFO  main                             - HealthIndicator (class org.springframework.boot.actuate.health.DataSourceHealthIndicator)check success.
2018-11-17 01:01:33,912 INFO  main                             - Readiness check HealthIndicator result: success.
2018-11-17 01:01:33,912 INFO  main                             - first phase of the readiness check result: success
2018-11-17 01:01:33,912 INFO  main                             - Begin second phase of the readiness check
2018-11-17 01:01:33,912 INFO  main                             - Begin SofaBootMiddlewareAfterReadinessCheckCallback readiness check
2018-11-17 01:01:33,914 INFO  main                             - SofaBootMiddlewareAfterReadinessCheckCallback readiness check result: success.
2018-11-17 01:01:33,915 INFO  main                             - Begin SofaBootAfterReadinessCheckCallback readiness check
2018-11-17 01:01:33,917 INFO  main                             - SofaBootAfterReadinessCheckCallback readiness check result: success.
2018-11-17 01:01:33,917 INFO  main                             - SOFABoot readiness check callback : success.
2018-11-17 01:01:33,917 INFO  main                             - second phase of the readiness check result: success
2018-11-17 01:01:33,917 INFO  main                             - Readiness check result: success
2018-11-17 01:01:34,451 INFO  RMI TCP Connection(4)-127.0.0.1  - Begin SOFABoot component readiness check.
2018-11-17 01:01:34,451 INFO  RMI TCP Connection(4)-127.0.0.1  - SOFABoot component readiness check result: success.
2018-11-17 01:01:34,451 INFO  RMI TCP Connection(4)-127.0.0.1  - Begin SpringContext readiness check.
2018-11-17 01:01:34,451 INFO  RMI TCP Connection(4)-127.0.0.1  - SpringContext readiness check result: success.
2018-11-17 01:02:29,177 INFO  main                             - 
Found 0 SOFABoot component health checkers:
Found 2 HealthIndicator checkers:
class org.springframework.boot.actuate.health.DiskSpaceHealthIndicator
class org.springframework.boot.actuate.health.DataSourceHealthIndicator

2018-11-17 01:02:29,180 INFO  main                             - Begin first phase of the readiness check
2018-11-17 01:02:29,180 INFO  main                             - Begin SpringContext readiness check.
2018-11-17 01:02:29,180 INFO  main                             - SpringContext readiness check result: success.
2018-11-17 01:02:29,181 INFO  main                             - Begin SOFABoot component readiness check.
2018-11-17 01:02:29,181 INFO  main                             - SOFABoot component readiness check result: success.
2018-11-17 01:02:29,181 INFO  main                             - Begin HealthIndicator readiness check.
2018-11-17 01:02:29,182 INFO  main                             - HealthIndicator (class org.springframework.boot.actuate.health.DiskSpaceHealthIndicator)check success.
2018-11-17 01:02:29,262 INFO  main                             - HealthIndicator (class org.springframework.boot.actuate.health.DataSourceHealthIndicator)check success.
2018-11-17 01:02:29,262 INFO  main                             - Readiness check HealthIndicator result: success.
2018-11-17 01:02:29,262 INFO  main                             - first phase of the readiness check result: success
2018-11-17 01:02:29,262 INFO  main                             - Begin second phase of the readiness check
2018-11-17 01:02:29,262 INFO  main                             - Begin SofaBootMiddlewareAfterReadinessCheckCallback readiness check
2018-11-17 01:02:29,264 INFO  main                             - SofaBootMiddlewareAfterReadinessCheckCallback readiness check result: success.
2018-11-17 01:02:29,264 INFO  main                             - Begin SofaBootAfterReadinessCheckCallback readiness check
2018-11-17 01:02:29,266 INFO  main                             - SofaBootAfterReadinessCheckCallback readiness check result: success.
2018-11-17 01:02:29,266 INFO  main                             - SOFABoot readiness check callback : success.
2018-11-17 01:02:29,266 INFO  main                             - second phase of the readiness check result: success
2018-11-17 01:02:29,266 INFO  main                             - Readiness check result: success
2018-11-17 01:02:29,757 INFO  RMI TCP Connection(4)-127.0.0.1  - Begin SOFABoot component readiness check.
2018-11-17 01:02:29,757 INFO  RMI TCP Connection(4)-127.0.0.1  - SOFABoot component readiness check result: success.
2018-11-17 01:02:29,757 INFO  RMI TCP Connection(4)-127.0.0.1  - Begin SpringContext readiness check.
2018-11-17 01:02:29,757 INFO  RMI TCP Connection(4)-127.0.0.1  - SpringContext readiness check result: success.
2018-11-17 01:05:46,777 INFO  main                             - 
Found 0 SOFABoot component health checkers:
Found 2 HealthIndicator checkers:
class org.springframework.boot.actuate.health.DiskSpaceHealthIndicator
class org.springframework.boot.actuate.health.DataSourceHealthIndicator

2018-11-17 01:05:46,779 INFO  main                             - Begin first phase of the readiness check
2018-11-17 01:05:46,779 INFO  main                             - Begin SpringContext readiness check.
2018-11-17 01:05:46,779 INFO  main                             - SpringContext readiness check result: success.
2018-11-17 01:05:46,779 INFO  main                             - Begin SOFABoot component readiness check.
2018-11-17 01:05:46,779 INFO  main                             - SOFABoot component readiness check result: success.
2018-11-17 01:05:46,779 INFO  main                             - Begin HealthIndicator readiness check.
2018-11-17 01:05:46,781 INFO  main                             - HealthIndicator (class org.springframework.boot.actuate.health.DiskSpaceHealthIndicator)check success.
2018-11-17 01:05:46,914 INFO  main                             - HealthIndicator (class org.springframework.boot.actuate.health.DataSourceHealthIndicator)check success.
2018-11-17 01:05:46,914 INFO  main                             - Readiness check HealthIndicator result: success.
2018-11-17 01:05:46,914 INFO  main                             - first phase of the readiness check result: success
2018-11-17 01:05:46,914 INFO  main                             - Begin second phase of the readiness check
2018-11-17 01:05:46,915 INFO  main                             - Begin SofaBootMiddlewareAfterReadinessCheckCallback readiness check
2018-11-17 01:05:46,918 INFO  main                             - SofaBootMiddlewareAfterReadinessCheckCallback readiness check result: success.
2018-11-17 01:05:46,918 INFO  main                             - Begin SofaBootAfterReadinessCheckCallback readiness check
2018-11-17 01:05:46,919 INFO  main                             - SofaBootAfterReadinessCheckCallback readiness check result: success.
2018-11-17 01:05:46,920 INFO  main                             - SOFABoot readiness check callback : success.
2018-11-17 01:05:46,920 INFO  main                             - second phase of the readiness check result: success
2018-11-17 01:05:46,920 INFO  main                             - Readiness check result: success
2018-11-17 01:05:47,669 INFO  RMI TCP Connection(4)-127.0.0.1  - Begin SOFABoot component readiness check.
2018-11-17 01:05:47,669 INFO  RMI TCP Connection(4)-127.0.0.1  - SOFABoot component readiness check result: success.
2018-11-17 01:05:47,669 INFO  RMI TCP Connection(4)-127.0.0.1  - Begin SpringContext readiness check.
2018-11-17 01:05:47,669 INFO  RMI TCP Connection(4)-127.0.0.1  - SpringContext readiness check result: success.
2018-11-17 01:10:37,249 INFO  main                             - 
Found 0 SOFABoot component health checkers:
Found 2 HealthIndicator checkers:
class org.springframework.boot.actuate.health.DiskSpaceHealthIndicator
class org.springframework.boot.actuate.health.DataSourceHealthIndicator

2018-11-17 01:10:37,254 INFO  main                             - Begin first phase of the readiness check
2018-11-17 01:10:37,254 INFO  main                             - Begin SpringContext readiness check.
2018-11-17 01:10:37,254 INFO  main                             - SpringContext readiness check result: success.
2018-11-17 01:10:37,254 INFO  main                             - Begin SOFABoot component readiness check.
2018-11-17 01:10:37,254 INFO  main                             - SOFABoot component readiness check result: success.
2018-11-17 01:10:37,254 INFO  main                             - Begin HealthIndicator readiness check.
2018-11-17 01:10:37,255 INFO  main                             - HealthIndicator (class org.springframework.boot.actuate.health.DiskSpaceHealthIndicator)check success.
2018-11-17 01:10:37,339 INFO  main                             - HealthIndicator (class org.springframework.boot.actuate.health.DataSourceHealthIndicator)check success.
2018-11-17 01:10:37,340 INFO  main                             - Readiness check HealthIndicator result: success.
2018-11-17 01:10:37,340 INFO  main                             - first phase of the readiness check result: success
2018-11-17 01:10:37,340 INFO  main                             - Begin second phase of the readiness check
2018-11-17 01:10:37,340 INFO  main                             - Begin SofaBootMiddlewareAfterReadinessCheckCallback readiness check
2018-11-17 01:10:37,344 INFO  main                             - SofaBootMiddlewareAfterReadinessCheckCallback readiness check result: success.
2018-11-17 01:10:37,344 INFO  main                             - Begin SofaBootAfterReadinessCheckCallback readiness check
2018-11-17 01:10:37,346 INFO  main                             - SofaBootAfterReadinessCheckCallback readiness check result: success.
2018-11-17 01:10:37,346 INFO  main                             - SOFABoot readiness check callback : success.
2018-11-17 01:10:37,346 INFO  main                             - second phase of the readiness check result: success
2018-11-17 01:10:37,346 INFO  main                             - Readiness check result: success
2018-11-17 01:10:37,839 INFO  RMI TCP Connection(12)-127.0.0.1 - Begin SOFABoot component readiness check.
2018-11-17 01:10:37,839 INFO  RMI TCP Connection(12)-127.0.0.1 - SOFABoot component readiness check result: success.
2018-11-17 01:10:37,839 INFO  RMI TCP Connection(12)-127.0.0.1 - Begin SpringContext readiness check.
2018-11-17 01:10:37,839 INFO  RMI TCP Connection(12)-127.0.0.1 - SpringContext readiness check result: success.
2018-11-17 01:14:33,176 INFO  main                             - 
Found 0 SOFABoot component health checkers:
Found 2 HealthIndicator checkers:
class org.springframework.boot.actuate.health.DiskSpaceHealthIndicator
class org.springframework.boot.actuate.health.DataSourceHealthIndicator

2018-11-17 01:14:33,181 INFO  main                             - Begin first phase of the readiness check
2018-11-17 01:14:33,181 INFO  main                             - Begin SpringContext readiness check.
2018-11-17 01:14:33,181 INFO  main                             - SpringContext readiness check result: success.
2018-11-17 01:14:33,182 INFO  main                             - Begin SOFABoot component readiness check.
2018-11-17 01:14:33,182 INFO  main                             - SOFABoot component readiness check result: success.
2018-11-17 01:14:33,182 INFO  main                             - Begin HealthIndicator readiness check.
2018-11-17 01:14:33,184 INFO  main                             - HealthIndicator (class org.springframework.boot.actuate.health.DiskSpaceHealthIndicator)check success.
2018-11-17 01:14:33,257 INFO  main                             - HealthIndicator (class org.springframework.boot.actuate.health.DataSourceHealthIndicator)check success.
2018-11-17 01:14:33,257 INFO  main                             - Readiness check HealthIndicator result: success.
2018-11-17 01:14:33,257 INFO  main                             - first phase of the readiness check result: success
2018-11-17 01:14:33,257 INFO  main                             - Begin second phase of the readiness check
2018-11-17 01:14:33,257 INFO  main                             - Begin SofaBootMiddlewareAfterReadinessCheckCallback readiness check
2018-11-17 01:14:33,259 INFO  main                             - SofaBootMiddlewareAfterReadinessCheckCallback readiness check result: success.
2018-11-17 01:14:33,259 INFO  main                             - Begin SofaBootAfterReadinessCheckCallback readiness check
2018-11-17 01:14:33,260 INFO  main                             - SofaBootAfterReadinessCheckCallback readiness check result: success.
2018-11-17 01:14:33,260 INFO  main                             - SOFABoot readiness check callback : success.
2018-11-17 01:14:33,260 INFO  main                             - second phase of the readiness check result: success
2018-11-17 01:14:33,260 INFO  main                             - Readiness check result: success
2018-11-17 01:14:34,032 INFO  RMI TCP Connection(10)-127.0.0.1 - Begin SOFABoot component readiness check.
2018-11-17 01:14:34,032 INFO  RMI TCP Connection(10)-127.0.0.1 - SOFABoot component readiness check result: success.
2018-11-17 01:14:34,032 INFO  RMI TCP Connection(10)-127.0.0.1 - Begin SpringContext readiness check.
2018-11-17 01:14:34,033 INFO  RMI TCP Connection(10)-127.0.0.1 - SpringContext readiness check result: success.
