[2018-12-12 22:35:02,149][ERROR][main][c.a.a.c.l.SyncServerLogger] - use default connection timeout:10000
[2018-12-12 22:35:02,149][ERROR][main][c.a.a.c.l.SyncServerLogger] - use default read timeout:50000
[2018-12-12 22:35:17,853][ERROR][main][c.a.a.c.l.SyncServerLogger] - use default connection timeout:10000
[2018-12-12 22:35:17,853][ERROR][main][c.a.a.c.l.SyncServerLogger] - use default read timeout:50000
[2018-12-12 22:35:27,879][ERROR][main][c.a.a.c.l.SyncServerLogger] - [HttpUtil] Send http request to (http://100.103.1.174:9003/antcloud/antvip/instances/get) failed
java.net.SocketTimeoutException: connect timed out
	at java.net.DualStackPlainSocketImpl.waitForConnect(Native Method)
	at java.net.DualStackPlainSocketImpl.socketConnect(DualStackPlainSocketImpl.java:85)
	at java.net.AbstractPlainSocketImpl.doConnect(AbstractPlainSocketImpl.java:350)
	at java.net.AbstractPlainSocketImpl.connectToAddress(AbstractPlainSocketImpl.java:206)
	at java.net.AbstractPlainSocketImpl.connect(AbstractPlainSocketImpl.java:188)
	at java.net.PlainSocketImpl.connect(PlainSocketImpl.java:172)
	at java.net.SocksSocketImpl.connect(SocksSocketImpl.java:392)
	at java.net.Socket.connect(Socket.java:589)
	at sun.net.NetworkClient.doConnect(NetworkClient.java:175)
	at sun.net.www.http.HttpClient.openServer(HttpClient.java:463)
	at sun.net.www.http.HttpClient.openServer(HttpClient.java:558)
	at sun.net.www.http.HttpClient.<init>(HttpClient.java:242)
	at sun.net.www.http.HttpClient.New(HttpClient.java:339)
	at sun.net.www.http.HttpClient.New(HttpClient.java:357)
	at sun.net.www.protocol.http.HttpURLConnection.getNewHttpClient(HttpURLConnection.java:1220)
	at sun.net.www.protocol.http.HttpURLConnection.plainConnect0(HttpURLConnection.java:1156)
	at sun.net.www.protocol.http.HttpURLConnection.plainConnect(HttpURLConnection.java:1050)
	at sun.net.www.protocol.http.HttpURLConnection.connect(HttpURLConnection.java:984)
	at sun.net.www.protocol.http.HttpURLConnection.getOutputStream0(HttpURLConnection.java:1334)
	at sun.net.www.protocol.http.HttpURLConnection.getOutputStream(HttpURLConnection.java:1309)
	at com.antcloud.antvip.client.internal.transport.HttpUtil.queryDomain(HttpUtil.java:68)
	at com.antcloud.antvip.client.internal.transport.VipServerHttpSynchronizer.getVipDomainNameList(VipServerHttpSynchronizer.java:320)
	at com.antcloud.antvip.client.DefaultAntVipClient.loadNameListSync(DefaultAntVipClient.java:270)
	at com.antcloud.antvip.client.DefaultAntVipClient.loadNameList(DefaultAntVipClient.java:247)
	at com.antcloud.antvip.client.DefaultAntVipClient.<init>(DefaultAntVipClient.java:142)
	at com.antcloud.antvip.client.AntVipCommonClient.init(AntVipCommonClient.java:90)
	at com.antcloud.antvip.client.AntVipCommonClient.getInstance(AntVipCommonClient.java:35)
	at com.alipay.dtx.registry.antvip.cloud.CloudAntVipServerAddress.init(CloudAntVipServerAddress.java:65)
	at com.alipay.dtx.registry.server.AddressSubscribe.subscribeServerAddress(AddressSubscribe.java:51)
	at com.alipay.dtx.rpc.client.address.impl.ServerAddressManager.init(ServerAddressManager.java:58)
	at com.alipay.dtx.rpc.client.impl.DefaultRpcClient.init(DefaultRpcClient.java:83)
	at com.alipay.dtx.client.core.DtxClient.init(DtxClient.java:99)
	at com.alipay.dtx.client.core.DtxClient.getIntance(DtxClient.java:78)
	at com.alipay.dtx.client.core.factory.DtxClientFactory.initDtxClient(DtxClientFactory.java:26)
	at com.alipay.sofa.dtx.client.aop.ComponentScanner.initDtxClient(ComponentScanner.java:588)
	at com.alipay.sofa.dtx.client.aop.ComponentScanner.afterPropertiesSet(ComponentScanner.java:612)
	at org.springframework.beans.factory.support.AbstractAutowireCapableBeanFactory.invokeInitMethods(AbstractAutowireCapableBeanFactory.java:1642)
	at org.springframework.beans.factory.support.AbstractAutowireCapableBeanFactory.initializeBean(AbstractAutowireCapableBeanFactory.java:1579)
	at org.springframework.beans.factory.support.AbstractAutowireCapableBeanFactory.doCreateBean(AbstractAutowireCapableBeanFactory.java:553)
	at org.springframework.beans.factory.support.AbstractAutowireCapableBeanFactory.createBean(AbstractAutowireCapableBeanFactory.java:482)
	at org.springframework.beans.factory.support.AbstractBeanFactory$1.getObject(AbstractBeanFactory.java:306)
	at org.springframework.beans.factory.support.DefaultSingletonBeanRegistry.getSingleton(DefaultSingletonBeanRegistry.java:230)
	at org.springframework.beans.factory.support.AbstractBeanFactory.doGetBean(AbstractBeanFactory.java:302)
	at org.springframework.beans.factory.support.AbstractBeanFactory.getBean(AbstractBeanFactory.java:202)
	at org.springframework.context.support.PostProcessorRegistrationDelegate.invokeBeanFactoryPostProcessors(PostProcessorRegistrationDelegate.java:149)
	at org.springframework.context.support.AbstractApplicationContext.invokeBeanFactoryPostProcessors(AbstractApplicationContext.java:686)
	at org.springframework.context.support.AbstractApplicationContext.refresh(AbstractApplicationContext.java:524)
	at org.springframework.boot.context.embedded.EmbeddedWebApplicationContext.refresh(EmbeddedWebApplicationContext.java:122)
	at org.springframework.boot.SpringApplication.refresh(SpringApplication.java:761)
	at org.springframework.boot.SpringApplication.refreshContext(SpringApplication.java:371)
	at org.springframework.boot.SpringApplication.run(SpringApplication.java:315)
	at org.springframework.boot.SpringApplication.run(SpringApplication.java:1186)
	at org.springframework.boot.SpringApplication.run(SpringApplication.java:1175)
	at com.yaoqian.mini_alipay.DemoApplication.main(DemoApplication.java:24)
[2018-12-12 22:35:27,879][ERROR][main][c.a.a.c.l.SyncServerLogger] - [VipServerHttpSynchronizer] One-time request for domainNameList from Vip(100.103.1.174) returns null, endpoint might be wrong.
[2018-12-12 22:35:27,879][ERROR][main][c.a.a.c.l.StartupLogger] - Error when loading nameList from server, loaded empty nameList
com.antcloud.antvip.common.exception.AntVipIOException: Vip(100.103.1.174) endpoint might be wrong
	at com.antcloud.antvip.client.internal.transport.VipServerHttpSynchronizer.getVipDomainNameList(VipServerHttpSynchronizer.java:325)
	at com.antcloud.antvip.client.DefaultAntVipClient.loadNameListSync(DefaultAntVipClient.java:270)
	at com.antcloud.antvip.client.DefaultAntVipClient.loadNameList(DefaultAntVipClient.java:247)
	at com.antcloud.antvip.client.DefaultAntVipClient.<init>(DefaultAntVipClient.java:142)
	at com.antcloud.antvip.client.AntVipCommonClient.init(AntVipCommonClient.java:90)
	at com.antcloud.antvip.client.AntVipCommonClient.getInstance(AntVipCommonClient.java:35)
	at com.alipay.dtx.registry.antvip.cloud.CloudAntVipServerAddress.init(CloudAntVipServerAddress.java:65)
	at com.alipay.dtx.registry.server.AddressSubscribe.subscribeServerAddress(AddressSubscribe.java:51)
	at com.alipay.dtx.rpc.client.address.impl.ServerAddressManager.init(ServerAddressManager.java:58)
	at com.alipay.dtx.rpc.client.impl.DefaultRpcClient.init(DefaultRpcClient.java:83)
	at com.alipay.dtx.client.core.DtxClient.init(DtxClient.java:99)
	at com.alipay.dtx.client.core.DtxClient.getIntance(DtxClient.java:78)
	at com.alipay.dtx.client.core.factory.DtxClientFactory.initDtxClient(DtxClientFactory.java:26)
	at com.alipay.sofa.dtx.client.aop.ComponentScanner.initDtxClient(ComponentScanner.java:588)
	at com.alipay.sofa.dtx.client.aop.ComponentScanner.afterPropertiesSet(ComponentScanner.java:612)
	at org.springframework.beans.factory.support.AbstractAutowireCapableBeanFactory.invokeInitMethods(AbstractAutowireCapableBeanFactory.java:1642)
	at org.springframework.beans.factory.support.AbstractAutowireCapableBeanFactory.initializeBean(AbstractAutowireCapableBeanFactory.java:1579)
	at org.springframework.beans.factory.support.AbstractAutowireCapableBeanFactory.doCreateBean(AbstractAutowireCapableBeanFactory.java:553)
	at org.springframework.beans.factory.support.AbstractAutowireCapableBeanFactory.createBean(AbstractAutowireCapableBeanFactory.java:482)
	at org.springframework.beans.factory.support.AbstractBeanFactory$1.getObject(AbstractBeanFactory.java:306)
	at org.springframework.beans.factory.support.DefaultSingletonBeanRegistry.getSingleton(DefaultSingletonBeanRegistry.java:230)
	at org.springframework.beans.factory.support.AbstractBeanFactory.doGetBean(AbstractBeanFactory.java:302)
	at org.springframework.beans.factory.support.AbstractBeanFactory.getBean(AbstractBeanFactory.java:202)
	at org.springframework.context.support.PostProcessorRegistrationDelegate.invokeBeanFactoryPostProcessors(PostProcessorRegistrationDelegate.java:149)
	at org.springframework.context.support.AbstractApplicationContext.invokeBeanFactoryPostProcessors(AbstractApplicationContext.java:686)
	at org.springframework.context.support.AbstractApplicationContext.refresh(AbstractApplicationContext.java:524)
	at org.springframework.boot.context.embedded.EmbeddedWebApplicationContext.refresh(EmbeddedWebApplicationContext.java:122)
	at org.springframework.boot.SpringApplication.refresh(SpringApplication.java:761)
	at org.springframework.boot.SpringApplication.refreshContext(SpringApplication.java:371)
	at org.springframework.boot.SpringApplication.run(SpringApplication.java:315)
	at org.springframework.boot.SpringApplication.run(SpringApplication.java:1186)
	at org.springframework.boot.SpringApplication.run(SpringApplication.java:1175)
	at com.yaoqian.mini_alipay.DemoApplication.main(DemoApplication.java:24)
[2018-12-12 22:35:37,891][ERROR][main][c.a.a.c.l.SyncServerLogger] - [HttpUtil] Send http request to (http://100.103.1.174:9003/antcloud/antvip/instances/get) failed
java.net.SocketTimeoutException: connect timed out
	at java.net.DualStackPlainSocketImpl.waitForConnect(Native Method)
	at java.net.DualStackPlainSocketImpl.socketConnect(DualStackPlainSocketImpl.java:85)
	at java.net.AbstractPlainSocketImpl.doConnect(AbstractPlainSocketImpl.java:350)
	at java.net.AbstractPlainSocketImpl.connectToAddress(AbstractPlainSocketImpl.java:206)
	at java.net.AbstractPlainSocketImpl.connect(AbstractPlainSocketImpl.java:188)
	at java.net.PlainSocketImpl.connect(PlainSocketImpl.java:172)
	at java.net.SocksSocketImpl.connect(SocksSocketImpl.java:392)
	at java.net.Socket.connect(Socket.java:589)
	at sun.net.NetworkClient.doConnect(NetworkClient.java:175)
	at sun.net.www.http.HttpClient.openServer(HttpClient.java:463)
	at sun.net.www.http.HttpClient.openServer(HttpClient.java:558)
	at sun.net.www.http.HttpClient.<init>(HttpClient.java:242)
	at sun.net.www.http.HttpClient.New(HttpClient.java:339)
	at sun.net.www.http.HttpClient.New(HttpClient.java:357)
	at sun.net.www.protocol.http.HttpURLConnection.getNewHttpClient(HttpURLConnection.java:1220)
	at sun.net.www.protocol.http.HttpURLConnection.plainConnect0(HttpURLConnection.java:1156)
	at sun.net.www.protocol.http.HttpURLConnection.plainConnect(HttpURLConnection.java:1050)
	at sun.net.www.protocol.http.HttpURLConnection.connect(HttpURLConnection.java:984)
	at sun.net.www.protocol.http.HttpURLConnection.getOutputStream0(HttpURLConnection.java:1334)
	at sun.net.www.protocol.http.HttpURLConnection.getOutputStream(HttpURLConnection.java:1309)
	at com.antcloud.antvip.client.internal.transport.HttpUtil.queryDomain(HttpUtil.java:68)
	at com.antcloud.antvip.client.internal.transport.VipServerHttpSynchronizer.getVipDomainNameList(VipServerHttpSynchronizer.java:320)
	at com.antcloud.antvip.client.DefaultAntVipClient.loadNameListSync(DefaultAntVipClient.java:270)
	at com.antcloud.antvip.client.DefaultAntVipClient.loadNameList(DefaultAntVipClient.java:257)
	at com.antcloud.antvip.client.DefaultAntVipClient.<init>(DefaultAntVipClient.java:142)
	at com.antcloud.antvip.client.AntVipCommonClient.init(AntVipCommonClient.java:90)
	at com.antcloud.antvip.client.AntVipCommonClient.getInstance(AntVipCommonClient.java:35)
	at com.alipay.dtx.registry.antvip.cloud.CloudAntVipServerAddress.init(CloudAntVipServerAddress.java:65)
	at com.alipay.dtx.registry.server.AddressSubscribe.subscribeServerAddress(AddressSubscribe.java:51)
	at com.alipay.dtx.rpc.client.address.impl.ServerAddressManager.init(ServerAddressManager.java:58)
	at com.alipay.dtx.rpc.client.impl.DefaultRpcClient.init(DefaultRpcClient.java:83)
	at com.alipay.dtx.client.core.DtxClient.init(DtxClient.java:99)
	at com.alipay.dtx.client.core.DtxClient.getIntance(DtxClient.java:78)
	at com.alipay.dtx.client.core.factory.DtxClientFactory.initDtxClient(DtxClientFactory.java:26)
	at com.alipay.sofa.dtx.client.aop.ComponentScanner.initDtxClient(ComponentScanner.java:588)
	at com.alipay.sofa.dtx.client.aop.ComponentScanner.afterPropertiesSet(ComponentScanner.java:612)
	at org.springframework.beans.factory.support.AbstractAutowireCapableBeanFactory.invokeInitMethods(AbstractAutowireCapableBeanFactory.java:1642)
	at org.springframework.beans.factory.support.AbstractAutowireCapableBeanFactory.initializeBean(AbstractAutowireCapableBeanFactory.java:1579)
	at org.springframework.beans.factory.support.AbstractAutowireCapableBeanFactory.doCreateBean(AbstractAutowireCapableBeanFactory.java:553)
	at org.springframework.beans.factory.support.AbstractAutowireCapableBeanFactory.createBean(AbstractAutowireCapableBeanFactory.java:482)
	at org.springframework.beans.factory.support.AbstractBeanFactory$1.getObject(AbstractBeanFactory.java:306)
	at org.springframework.beans.factory.support.DefaultSingletonBeanRegistry.getSingleton(DefaultSingletonBeanRegistry.java:230)
	at org.springframework.beans.factory.support.AbstractBeanFactory.doGetBean(AbstractBeanFactory.java:302)
	at org.springframework.beans.factory.support.AbstractBeanFactory.getBean(AbstractBeanFactory.java:202)
	at org.springframework.context.support.PostProcessorRegistrationDelegate.invokeBeanFactoryPostProcessors(PostProcessorRegistrationDelegate.java:149)
	at org.springframework.context.support.AbstractApplicationContext.invokeBeanFactoryPostProcessors(AbstractApplicationContext.java:686)
	at org.springframework.context.support.AbstractApplicationContext.refresh(AbstractApplicationContext.java:524)
	at org.springframework.boot.context.embedded.EmbeddedWebApplicationContext.refresh(EmbeddedWebApplicationContext.java:122)
	at org.springframework.boot.SpringApplication.refresh(SpringApplication.java:761)
	at org.springframework.boot.SpringApplication.refreshContext(SpringApplication.java:371)
	at org.springframework.boot.SpringApplication.run(SpringApplication.java:315)
	at org.springframework.boot.SpringApplication.run(SpringApplication.java:1186)
	at org.springframework.boot.SpringApplication.run(SpringApplication.java:1175)
	at com.yaoqian.mini_alipay.DemoApplication.main(DemoApplication.java:24)
[2018-12-12 22:35:37,891][ERROR][main][c.a.a.c.l.SyncServerLogger] - [VipServerHttpSynchronizer] One-time request for domainNameList from Vip(100.103.1.174) returns null, endpoint might be wrong.
[2018-12-12 22:35:37,891][ERROR][main][c.a.a.c.l.StartupLogger] - Error when loading nameList from server, loaded empty nameList
com.antcloud.antvip.common.exception.AntVipIOException: Vip(100.103.1.174) endpoint might be wrong
	at com.antcloud.antvip.client.internal.transport.VipServerHttpSynchronizer.getVipDomainNameList(VipServerHttpSynchronizer.java:325)
	at com.antcloud.antvip.client.DefaultAntVipClient.loadNameListSync(DefaultAntVipClient.java:270)
	at com.antcloud.antvip.client.DefaultAntVipClient.loadNameList(DefaultAntVipClient.java:257)
	at com.antcloud.antvip.client.DefaultAntVipClient.<init>(DefaultAntVipClient.java:142)
	at com.antcloud.antvip.client.AntVipCommonClient.init(AntVipCommonClient.java:90)
	at com.antcloud.antvip.client.AntVipCommonClient.getInstance(AntVipCommonClient.java:35)
	at com.alipay.dtx.registry.antvip.cloud.CloudAntVipServerAddress.init(CloudAntVipServerAddress.java:65)
	at com.alipay.dtx.registry.server.AddressSubscribe.subscribeServerAddress(AddressSubscribe.java:51)
	at com.alipay.dtx.rpc.client.address.impl.ServerAddressManager.init(ServerAddressManager.java:58)
	at com.alipay.dtx.rpc.client.impl.DefaultRpcClient.init(DefaultRpcClient.java:83)
	at com.alipay.dtx.client.core.DtxClient.init(DtxClient.java:99)
	at com.alipay.dtx.client.core.DtxClient.getIntance(DtxClient.java:78)
	at com.alipay.dtx.client.core.factory.DtxClientFactory.initDtxClient(DtxClientFactory.java:26)
	at com.alipay.sofa.dtx.client.aop.ComponentScanner.initDtxClient(ComponentScanner.java:588)
	at com.alipay.sofa.dtx.client.aop.ComponentScanner.afterPropertiesSet(ComponentScanner.java:612)
	at org.springframework.beans.factory.support.AbstractAutowireCapableBeanFactory.invokeInitMethods(AbstractAutowireCapableBeanFactory.java:1642)
	at org.springframework.beans.factory.support.AbstractAutowireCapableBeanFactory.initializeBean(AbstractAutowireCapableBeanFactory.java:1579)
	at org.springframework.beans.factory.support.AbstractAutowireCapableBeanFactory.doCreateBean(AbstractAutowireCapableBeanFactory.java:553)
	at org.springframework.beans.factory.support.AbstractAutowireCapableBeanFactory.createBean(AbstractAutowireCapableBeanFactory.java:482)
	at org.springframework.beans.factory.support.AbstractBeanFactory$1.getObject(AbstractBeanFactory.java:306)
	at org.springframework.beans.factory.support.DefaultSingletonBeanRegistry.getSingleton(DefaultSingletonBeanRegistry.java:230)
	at org.springframework.beans.factory.support.AbstractBeanFactory.doGetBean(AbstractBeanFactory.java:302)
	at org.springframework.beans.factory.support.AbstractBeanFactory.getBean(AbstractBeanFactory.java:202)
	at org.springframework.context.support.PostProcessorRegistrationDelegate.invokeBeanFactoryPostProcessors(PostProcessorRegistrationDelegate.java:149)
	at org.springframework.context.support.AbstractApplicationContext.invokeBeanFactoryPostProcessors(AbstractApplicationContext.java:686)
	at org.springframework.context.support.AbstractApplicationContext.refresh(AbstractApplicationContext.java:524)
	at org.springframework.boot.context.embedded.EmbeddedWebApplicationContext.refresh(EmbeddedWebApplicationContext.java:122)
	at org.springframework.boot.SpringApplication.refresh(SpringApplication.java:761)
	at org.springframework.boot.SpringApplication.refreshContext(SpringApplication.java:371)
	at org.springframework.boot.SpringApplication.run(SpringApplication.java:315)
	at org.springframework.boot.SpringApplication.run(SpringApplication.java:1186)
	at org.springframework.boot.SpringApplication.run(SpringApplication.java:1175)
	at com.yaoqian.mini_alipay.DemoApplication.main(DemoApplication.java:24)
[2018-12-12 22:35:47,936][ERROR][AntVip-SyncExecutor][c.a.a.c.l.SyncServerLogger] - [HttpUtil] Send http request to (http://100.103.1.174:9003/antcloud/antvip/instances/get) failed
java.net.SocketTimeoutException: connect timed out
	at java.net.DualStackPlainSocketImpl.waitForConnect(Native Method)
	at java.net.DualStackPlainSocketImpl.socketConnect(DualStackPlainSocketImpl.java:85)
	at java.net.AbstractPlainSocketImpl.doConnect(AbstractPlainSocketImpl.java:350)
	at java.net.AbstractPlainSocketImpl.connectToAddress(AbstractPlainSocketImpl.java:206)
	at java.net.AbstractPlainSocketImpl.connect(AbstractPlainSocketImpl.java:188)
	at java.net.PlainSocketImpl.connect(PlainSocketImpl.java:172)
	at java.net.SocksSocketImpl.connect(SocksSocketImpl.java:392)
	at java.net.Socket.connect(Socket.java:589)
	at sun.net.NetworkClient.doConnect(NetworkClient.java:175)
	at sun.net.www.http.HttpClient.openServer(HttpClient.java:463)
	at sun.net.www.http.HttpClient.openServer(HttpClient.java:558)
	at sun.net.www.http.HttpClient.<init>(HttpClient.java:242)
	at sun.net.www.http.HttpClient.New(HttpClient.java:339)
	at sun.net.www.http.HttpClient.New(HttpClient.java:357)
	at sun.net.www.protocol.http.HttpURLConnection.getNewHttpClient(HttpURLConnection.java:1220)
	at sun.net.www.protocol.http.HttpURLConnection.plainConnect0(HttpURLConnection.java:1156)
	at sun.net.www.protocol.http.HttpURLConnection.plainConnect(HttpURLConnection.java:1050)
	at sun.net.www.protocol.http.HttpURLConnection.connect(HttpURLConnection.java:984)
	at sun.net.www.protocol.http.HttpURLConnection.getOutputStream0(HttpURLConnection.java:1334)
	at sun.net.www.protocol.http.HttpURLConnection.getOutputStream(HttpURLConnection.java:1309)
	at com.antcloud.antvip.client.internal.transport.HttpUtil.queryDomain(HttpUtil.java:68)
	at com.antcloud.antvip.client.internal.transport.VipServerHttpSynchronizer$1.run(VipServerHttpSynchronizer.java:129)
	at java.util.concurrent.Executors$RunnableAdapter.call(Executors.java:511)
	at java.util.concurrent.FutureTask.run(FutureTask.java:266)
	at java.util.concurrent.ScheduledThreadPoolExecutor$ScheduledFutureTask.access$201(ScheduledThreadPoolExecutor.java:180)
	at java.util.concurrent.ScheduledThreadPoolExecutor$ScheduledFutureTask.run(ScheduledThreadPoolExecutor.java:293)
	at java.util.concurrent.ThreadPoolExecutor.runWorker(ThreadPoolExecutor.java:1149)
	at java.util.concurrent.ThreadPoolExecutor$Worker.run(ThreadPoolExecutor.java:624)
	at java.lang.Thread.run(Thread.java:748)
[2018-12-12 22:35:47,936][ERROR][main][c.a.a.c.l.SyncServerLogger] - [HttpUtil] Send http request to (http://100.103.1.174:9003/antcloud/antvip/instances/get) failed
java.net.SocketTimeoutException: connect timed out
	at java.net.DualStackPlainSocketImpl.waitForConnect(Native Method)
	at java.net.DualStackPlainSocketImpl.socketConnect(DualStackPlainSocketImpl.java:85)
	at java.net.AbstractPlainSocketImpl.doConnect(AbstractPlainSocketImpl.java:350)
	at java.net.AbstractPlainSocketImpl.connectToAddress(AbstractPlainSocketImpl.java:206)
	at java.net.AbstractPlainSocketImpl.connect(AbstractPlainSocketImpl.java:188)
	at java.net.PlainSocketImpl.connect(PlainSocketImpl.java:172)
	at java.net.SocksSocketImpl.connect(SocksSocketImpl.java:392)
	at java.net.Socket.connect(Socket.java:589)
	at sun.net.NetworkClient.doConnect(NetworkClient.java:175)
	at sun.net.www.http.HttpClient.openServer(HttpClient.java:463)
	at sun.net.www.http.HttpClient.openServer(HttpClient.java:558)
	at sun.net.www.http.HttpClient.<init>(HttpClient.java:242)
	at sun.net.www.http.HttpClient.New(HttpClient.java:339)
	at sun.net.www.http.HttpClient.New(HttpClient.java:357)
	at sun.net.www.protocol.http.HttpURLConnection.getNewHttpClient(HttpURLConnection.java:1220)
	at sun.net.www.protocol.http.HttpURLConnection.plainConnect0(HttpURLConnection.java:1156)
	at sun.net.www.protocol.http.HttpURLConnection.plainConnect(HttpURLConnection.java:1050)
	at sun.net.www.protocol.http.HttpURLConnection.connect(HttpURLConnection.java:984)
	at sun.net.www.protocol.http.HttpURLConnection.getOutputStream0(HttpURLConnection.java:1334)
	at sun.net.www.protocol.http.HttpURLConnection.getOutputStream(HttpURLConnection.java:1309)
	at com.antcloud.antvip.client.internal.transport.HttpUtil.queryDomain(HttpUtil.java:68)
	at com.antcloud.antvip.client.internal.transport.VipServerHttpSynchronizer.getVipDomains(VipServerHttpSynchronizer.java:384)
	at com.antcloud.antvip.client.internal.transport.VipServerHttpSynchronizer.getVipDomain(VipServerHttpSynchronizer.java:422)
	at com.antcloud.antvip.client.DefaultAntVipClient._getVipDomain(DefaultAntVipClient.java:578)
	at com.antcloud.antvip.client.DefaultAntVipClient.getRealServers(DefaultAntVipClient.java:309)
	at com.antcloud.antvip.client.DefaultAntVipClient.getRealServers(DefaultAntVipClient.java:299)
	at com.antcloud.antvip.client.DefaultAntVipClient.getRealServers(DefaultAntVipClient.java:321)
	at com.antcloud.antvip.client.AntVipCommonClient.getRealServers(AntVipCommonClient.java:152)
	at com.alipay.dtx.registry.antvip.cloud.CloudAntVipServerAddress.pullServersFromAntvip(CloudAntVipServerAddress.java:98)
	at com.alipay.dtx.registry.antvip.cloud.CloudAntVipServerAddress.init(CloudAntVipServerAddress.java:81)
	at com.alipay.dtx.registry.server.AddressSubscribe.subscribeServerAddress(AddressSubscribe.java:51)
	at com.alipay.dtx.rpc.client.address.impl.ServerAddressManager.init(ServerAddressManager.java:58)
	at com.alipay.dtx.rpc.client.impl.DefaultRpcClient.init(DefaultRpcClient.java:83)
	at com.alipay.dtx.client.core.DtxClient.init(DtxClient.java:99)
	at com.alipay.dtx.client.core.DtxClient.getIntance(DtxClient.java:78)
	at com.alipay.dtx.client.core.factory.DtxClientFactory.initDtxClient(DtxClientFactory.java:26)
	at com.alipay.sofa.dtx.client.aop.ComponentScanner.initDtxClient(ComponentScanner.java:588)
	at com.alipay.sofa.dtx.client.aop.ComponentScanner.afterPropertiesSet(ComponentScanner.java:612)
	at org.springframework.beans.factory.support.AbstractAutowireCapableBeanFactory.invokeInitMethods(AbstractAutowireCapableBeanFactory.java:1642)
	at org.springframework.beans.factory.support.AbstractAutowireCapableBeanFactory.initializeBean(AbstractAutowireCapableBeanFactory.java:1579)
	at org.springframework.beans.factory.support.AbstractAutowireCapableBeanFactory.doCreateBean(AbstractAutowireCapableBeanFactory.java:553)
	at org.springframework.beans.factory.support.AbstractAutowireCapableBeanFactory.createBean(AbstractAutowireCapableBeanFactory.java:482)
	at org.springframework.beans.factory.support.AbstractBeanFactory$1.getObject(AbstractBeanFactory.java:306)
	at org.springframework.beans.factory.support.DefaultSingletonBeanRegistry.getSingleton(DefaultSingletonBeanRegistry.java:230)
	at org.springframework.beans.factory.support.AbstractBeanFactory.doGetBean(AbstractBeanFactory.java:302)
	at org.springframework.beans.factory.support.AbstractBeanFactory.getBean(AbstractBeanFactory.java:202)
	at org.springframework.context.support.PostProcessorRegistrationDelegate.invokeBeanFactoryPostProcessors(PostProcessorRegistrationDelegate.java:149)
	at org.springframework.context.support.AbstractApplicationContext.invokeBeanFactoryPostProcessors(AbstractApplicationContext.java:686)
	at org.springframework.context.support.AbstractApplicationContext.refresh(AbstractApplicationContext.java:524)
	at org.springframework.boot.context.embedded.EmbeddedWebApplicationContext.refresh(EmbeddedWebApplicationContext.java:122)
	at org.springframework.boot.SpringApplication.refresh(SpringApplication.java:761)
	at org.springframework.boot.SpringApplication.refreshContext(SpringApplication.java:371)
	at org.springframework.boot.SpringApplication.run(SpringApplication.java:315)
	at org.springframework.boot.SpringApplication.run(SpringApplication.java:1186)
	at org.springframework.boot.SpringApplication.run(SpringApplication.java:1175)
	at com.yaoqian.mini_alipay.DemoApplication.main(DemoApplication.java:24)
[2018-12-12 22:35:47,936][ERROR][AntVip-SyncExecutor][c.a.a.c.l.SyncServerLogger] - [VipServerHttpSynchronizer] Sync from Vip(100.103.1.174) returns null
[2018-12-12 22:35:47,936][ERROR][main][c.a.a.c.l.SyncServerLogger] - [VipServerHttpSynchronizer] One-time request for vipDomains from Vip(100.103.1.174) returns null, endpoint might be wrong.
[2018-12-12 22:35:47,936][ERROR][AntVip-SyncExecutor][c.a.a.c.l.SyncServerLogger] - Error(com.antcloud.antvip.common.exception.AntVipResponseException) when sync from VipServer, will be retry every 100sec quietly.
com.antcloud.antvip.common.exception.AntVipResponseException: null(errorCode:4)
	at com.antcloud.antvip.common.transport.PollingResponse.checkSuccess(PollingResponse.java:216)
	at com.antcloud.antvip.client.internal.transport.VipServerHttpSynchronizer.handleResponse(VipServerHttpSynchronizer.java:158)
	at com.antcloud.antvip.client.internal.transport.VipServerHttpSynchronizer$1.run(VipServerHttpSynchronizer.java:142)
	at java.util.concurrent.Executors$RunnableAdapter.call(Executors.java:511)
	at java.util.concurrent.FutureTask.run(FutureTask.java:266)
	at java.util.concurrent.ScheduledThreadPoolExecutor$ScheduledFutureTask.access$201(ScheduledThreadPoolExecutor.java:180)
	at java.util.concurrent.ScheduledThreadPoolExecutor$ScheduledFutureTask.run(ScheduledThreadPoolExecutor.java:293)
	at java.util.concurrent.ThreadPoolExecutor.runWorker(ThreadPoolExecutor.java:1149)
	at java.util.concurrent.ThreadPoolExecutor$Worker.run(ThreadPoolExecutor.java:624)
	at java.lang.Thread.run(Thread.java:748)
