2018-12-11 15:27:57,644 INFO  main                             - DTX rpc init start.
2018-12-11 15:28:36,053 INFO  main                             - DTX rpc init start.
2018-12-11 15:28:57,155 INFO  main                             - dtx-rpc init antvip client finish. AntVip:100.103.1.174,instanceId:DEFAULT
2018-12-11 15:29:07,159 WARN  main                             - get dtx server list (CloudAntVip) error
2018-12-11 15:29:07,161 ERROR main                             - subscribeServerAddress error
java.util.ServiceConfigurationError: com.alipay.dtx.registry.IServerAddress: Provider com.alipay.dtx.registry.antvip.AntVipServerAddress could not be instantiated
	at java.util.ServiceLoader.fail(ServiceLoader.java:232)
	at java.util.ServiceLoader.access$100(ServiceLoader.java:185)
	at java.util.ServiceLoader$LazyIterator.nextService(ServiceLoader.java:384)
	at java.util.ServiceLoader$LazyIterator.next(ServiceLoader.java:404)
	at java.util.ServiceLoader$1.next(ServiceLoader.java:480)
	at com.alipay.dtx.registry.server.AddressSubscribe.subscribeServerAddress(AddressSubscribe.java:35)
	at com.alipay.dtx.rpc.client.address.impl.ServerAddressManager.init(ServerAddressManager.java:58)
	at com.alipay.dtx.rpc.client.impl.DefaultRpcClient.init(DefaultRpcClient.java:83)
	at com.alipay.dtx.client.core.DtxClient.init(DtxClient.java:99)
	at com.alipay.dtx.client.core.DtxClient.getIntance(DtxClient.java:78)
	at com.alipay.dtx.client.core.factory.DtxClientFactory.initDtxClient(DtxClientFactory.java:26)
	at com.alipay.sofa.dtx.client.aop.ComponentScanner.initDtxClient(ComponentScanner.java:588)
	at com.alipay.sofa.dtx.client.aop.ComponentScanner.afterPropertiesSet(ComponentScanner.java:612)
	at org.springframework.beans.factory.support.AbstractAutowireCapableBeanFactory.invokeInitMethods(AbstractAutowireCapableBeanFactory.java:1642)
	at org.springframework.beans.factory.support.AbstractAutowireCapableBeanFactory.initializeBean(AbstractAutowireCapableBeanFactory.java:1579)
	at org.springframework.beans.factory.support.AbstractAutowireCapableBeanFactory.doCreateBean(AbstractAutowireCapableBeanFactory.java:553)
	at org.springframework.beans.factory.support.AbstractAutowireCapableBeanFactory.createBean(AbstractAutowireCapableBeanFactory.java:482)
	at org.springframework.beans.factory.support.AbstractBeanFactory$1.getObject(AbstractBeanFactory.java:306)
	at org.springframework.beans.factory.support.DefaultSingletonBeanRegistry.getSingleton(DefaultSingletonBeanRegistry.java:230)
	at org.springframework.beans.factory.support.AbstractBeanFactory.doGetBean(AbstractBeanFactory.java:302)
	at org.springframework.beans.factory.support.AbstractBeanFactory.getBean(AbstractBeanFactory.java:202)
	at org.springframework.context.support.PostProcessorRegistrationDelegate.invokeBeanFactoryPostProcessors(PostProcessorRegistrationDelegate.java:149)
	at org.springframework.context.support.AbstractApplicationContext.invokeBeanFactoryPostProcessors(AbstractApplicationContext.java:686)
	at org.springframework.context.support.AbstractApplicationContext.refresh(AbstractApplicationContext.java:524)
	at org.springframework.boot.context.embedded.EmbeddedWebApplicationContext.refresh(EmbeddedWebApplicationContext.java:122)
	at org.springframework.boot.SpringApplication.refresh(SpringApplication.java:761)
	at org.springframework.boot.SpringApplication.refreshContext(SpringApplication.java:371)
	at org.springframework.boot.SpringApplication.run(SpringApplication.java:315)
	at org.springframework.boot.SpringApplication.run(SpringApplication.java:1186)
	at org.springframework.boot.SpringApplication.run(SpringApplication.java:1175)
	at com.yaoqian.mini_alipay.DemoApplication.main(DemoApplication.java:24)
Caused by: java.lang.NoClassDefFoundError: com/alipay/antvip/client/AntVipListener
	at java.lang.Class.getDeclaredConstructors0(Native Method)
	at java.lang.Class.privateGetDeclaredConstructors(Class.java:2671)
	at java.lang.Class.getConstructor0(Class.java:3075)
	at java.lang.Class.newInstance(Class.java:412)
	at java.util.ServiceLoader$LazyIterator.nextService(ServiceLoader.java:380)
	... 28 common frames omitted
Caused by: java.lang.ClassNotFoundException: com.alipay.antvip.client.AntVipListener
	at java.net.URLClassLoader.findClass(URLClassLoader.java:381)
	at java.lang.ClassLoader.loadClass(ClassLoader.java:424)
	at sun.misc.Launcher$AppClassLoader.loadClass(Launcher.java:349)
	at java.lang.ClassLoader.loadClass(ClassLoader.java:357)
	... 33 common frames omitted
2018-12-11 15:29:07,171 WARN  main                             - DTX-301:There must be one address registry, but found none.
2018-12-11 15:29:07,171 INFO  main                             - Dtx-server address registry inited, registry class types:[]
2018-12-11 15:29:07,171 INFO  main                             - dtx-rpc init finish.
2018-12-11 15:29:56,814 INFO  main                             - DTX rpc init start.
2018-12-11 15:30:17,829 INFO  main                             - dtx-rpc init antvip client finish. AntVip:100.103.1.174,instanceId:DEFAULT
2018-12-11 15:30:27,837 WARN  main                             - get dtx server list (CloudAntVip) error
2018-12-11 15:30:27,842 ERROR main                             - subscribeServerAddress error
java.util.ServiceConfigurationError: com.alipay.dtx.registry.IServerAddress: Provider com.alipay.dtx.registry.antvip.AntVipServerAddress could not be instantiated
	at java.util.ServiceLoader.fail(ServiceLoader.java:232)
	at java.util.ServiceLoader.access$100(ServiceLoader.java:185)
	at java.util.ServiceLoader$LazyIterator.nextService(ServiceLoader.java:384)
	at java.util.ServiceLoader$LazyIterator.next(ServiceLoader.java:404)
	at java.util.ServiceLoader$1.next(ServiceLoader.java:480)
	at com.alipay.dtx.registry.server.AddressSubscribe.subscribeServerAddress(AddressSubscribe.java:35)
	at com.alipay.dtx.rpc.client.address.impl.ServerAddressManager.init(ServerAddressManager.java:58)
	at com.alipay.dtx.rpc.client.impl.DefaultRpcClient.init(DefaultRpcClient.java:83)
	at com.alipay.dtx.client.core.DtxClient.init(DtxClient.java:99)
	at com.alipay.dtx.client.core.DtxClient.getIntance(DtxClient.java:78)
	at com.alipay.dtx.client.core.factory.DtxClientFactory.initDtxClient(DtxClientFactory.java:26)
	at com.alipay.sofa.dtx.client.aop.ComponentScanner.initDtxClient(ComponentScanner.java:588)
	at com.alipay.sofa.dtx.client.aop.ComponentScanner.afterPropertiesSet(ComponentScanner.java:612)
	at org.springframework.beans.factory.support.AbstractAutowireCapableBeanFactory.invokeInitMethods(AbstractAutowireCapableBeanFactory.java:1642)
	at org.springframework.beans.factory.support.AbstractAutowireCapableBeanFactory.initializeBean(AbstractAutowireCapableBeanFactory.java:1579)
	at org.springframework.beans.factory.support.AbstractAutowireCapableBeanFactory.doCreateBean(AbstractAutowireCapableBeanFactory.java:553)
	at org.springframework.beans.factory.support.AbstractAutowireCapableBeanFactory.createBean(AbstractAutowireCapableBeanFactory.java:482)
	at org.springframework.beans.factory.support.AbstractBeanFactory$1.getObject(AbstractBeanFactory.java:306)
	at org.springframework.beans.factory.support.DefaultSingletonBeanRegistry.getSingleton(DefaultSingletonBeanRegistry.java:230)
	at org.springframework.beans.factory.support.AbstractBeanFactory.doGetBean(AbstractBeanFactory.java:302)
	at org.springframework.beans.factory.support.AbstractBeanFactory.getBean(AbstractBeanFactory.java:202)
	at org.springframework.context.support.PostProcessorRegistrationDelegate.invokeBeanFactoryPostProcessors(PostProcessorRegistrationDelegate.java:149)
	at org.springframework.context.support.AbstractApplicationContext.invokeBeanFactoryPostProcessors(AbstractApplicationContext.java:686)
	at org.springframework.context.support.AbstractApplicationContext.refresh(AbstractApplicationContext.java:524)
	at org.springframework.boot.context.embedded.EmbeddedWebApplicationContext.refresh(EmbeddedWebApplicationContext.java:122)
	at org.springframework.boot.SpringApplication.refresh(SpringApplication.java:761)
	at org.springframework.boot.SpringApplication.refreshContext(SpringApplication.java:371)
	at org.springframework.boot.SpringApplication.run(SpringApplication.java:315)
	at org.springframework.boot.SpringApplication.run(SpringApplication.java:1186)
	at org.springframework.boot.SpringApplication.run(SpringApplication.java:1175)
	at com.yaoqian.mini_alipay.DemoApplication.main(DemoApplication.java:24)
Caused by: java.lang.NoClassDefFoundError: com/alipay/antvip/client/AntVipListener
	at java.lang.Class.getDeclaredConstructors0(Native Method)
	at java.lang.Class.privateGetDeclaredConstructors(Class.java:2671)
	at java.lang.Class.getConstructor0(Class.java:3075)
	at java.lang.Class.newInstance(Class.java:412)
	at java.util.ServiceLoader$LazyIterator.nextService(ServiceLoader.java:380)
	... 28 common frames omitted
Caused by: java.lang.ClassNotFoundException: com.alipay.antvip.client.AntVipListener
	at java.net.URLClassLoader.findClass(URLClassLoader.java:381)
	at java.lang.ClassLoader.loadClass(ClassLoader.java:424)
	at sun.misc.Launcher$AppClassLoader.loadClass(Launcher.java:349)
	at java.lang.ClassLoader.loadClass(ClassLoader.java:357)
	... 33 common frames omitted
2018-12-11 15:30:27,860 WARN  main                             - DTX-301:There must be one address registry, but found none.
2018-12-11 15:30:27,860 INFO  main                             - Dtx-server address registry inited, registry class types:[]
2018-12-11 15:30:27,860 INFO  main                             - dtx-rpc init finish.
2018-12-11 15:38:16,573 INFO  main                             - DTX rpc init start.
2018-12-11 15:38:37,388 INFO  main                             - dtx-rpc init antvip client finish. AntVip:100.103.1.174,instanceId:DEFAULT
2018-12-11 15:38:47,398 WARN  main                             - get dtx server list (CloudAntVip) error
2018-12-11 15:38:47,402 ERROR main                             - subscribeServerAddress error
java.util.ServiceConfigurationError: com.alipay.dtx.registry.IServerAddress: Provider com.alipay.dtx.registry.antvip.AntVipServerAddress could not be instantiated
	at java.util.ServiceLoader.fail(ServiceLoader.java:232)
	at java.util.ServiceLoader.access$100(ServiceLoader.java:185)
	at java.util.ServiceLoader$LazyIterator.nextService(ServiceLoader.java:384)
	at java.util.ServiceLoader$LazyIterator.next(ServiceLoader.java:404)
	at java.util.ServiceLoader$1.next(ServiceLoader.java:480)
	at com.alipay.dtx.registry.server.AddressSubscribe.subscribeServerAddress(AddressSubscribe.java:35)
	at com.alipay.dtx.rpc.client.address.impl.ServerAddressManager.init(ServerAddressManager.java:58)
	at com.alipay.dtx.rpc.client.impl.DefaultRpcClient.init(DefaultRpcClient.java:83)
	at com.alipay.dtx.client.core.DtxClient.init(DtxClient.java:99)
	at com.alipay.dtx.client.core.DtxClient.getIntance(DtxClient.java:78)
	at com.alipay.dtx.client.core.factory.DtxClientFactory.initDtxClient(DtxClientFactory.java:26)
	at com.alipay.sofa.dtx.client.aop.ComponentScanner.initDtxClient(ComponentScanner.java:588)
	at com.alipay.sofa.dtx.client.aop.ComponentScanner.afterPropertiesSet(ComponentScanner.java:612)
	at org.springframework.beans.factory.support.AbstractAutowireCapableBeanFactory.invokeInitMethods(AbstractAutowireCapableBeanFactory.java:1642)
	at org.springframework.beans.factory.support.AbstractAutowireCapableBeanFactory.initializeBean(AbstractAutowireCapableBeanFactory.java:1579)
	at org.springframework.beans.factory.support.AbstractAutowireCapableBeanFactory.doCreateBean(AbstractAutowireCapableBeanFactory.java:553)
	at org.springframework.beans.factory.support.AbstractAutowireCapableBeanFactory.createBean(AbstractAutowireCapableBeanFactory.java:482)
	at org.springframework.beans.factory.support.AbstractBeanFactory$1.getObject(AbstractBeanFactory.java:306)
	at org.springframework.beans.factory.support.DefaultSingletonBeanRegistry.getSingleton(DefaultSingletonBeanRegistry.java:230)
	at org.springframework.beans.factory.support.AbstractBeanFactory.doGetBean(AbstractBeanFactory.java:302)
	at org.springframework.beans.factory.support.AbstractBeanFactory.getBean(AbstractBeanFactory.java:202)
	at org.springframework.context.support.PostProcessorRegistrationDelegate.invokeBeanFactoryPostProcessors(PostProcessorRegistrationDelegate.java:149)
	at org.springframework.context.support.AbstractApplicationContext.invokeBeanFactoryPostProcessors(AbstractApplicationContext.java:686)
	at org.springframework.context.support.AbstractApplicationContext.refresh(AbstractApplicationContext.java:524)
	at org.springframework.boot.context.embedded.EmbeddedWebApplicationContext.refresh(EmbeddedWebApplicationContext.java:122)
	at org.springframework.boot.SpringApplication.refresh(SpringApplication.java:761)
	at org.springframework.boot.SpringApplication.refreshContext(SpringApplication.java:371)
	at org.springframework.boot.SpringApplication.run(SpringApplication.java:315)
	at org.springframework.boot.SpringApplication.run(SpringApplication.java:1186)
	at org.springframework.boot.SpringApplication.run(SpringApplication.java:1175)
	at com.yaoqian.mini_alipay.DemoApplication.main(DemoApplication.java:24)
Caused by: java.lang.NoClassDefFoundError: com/alipay/antvip/client/AntVipListener
	at java.lang.Class.getDeclaredConstructors0(Native Method)
	at java.lang.Class.privateGetDeclaredConstructors(Class.java:2671)
	at java.lang.Class.getConstructor0(Class.java:3075)
	at java.lang.Class.newInstance(Class.java:412)
	at java.util.ServiceLoader$LazyIterator.nextService(ServiceLoader.java:380)
	... 28 common frames omitted
Caused by: java.lang.ClassNotFoundException: com.alipay.antvip.client.AntVipListener
	at java.net.URLClassLoader.findClass(URLClassLoader.java:381)
	at java.lang.ClassLoader.loadClass(ClassLoader.java:424)
	at sun.misc.Launcher$AppClassLoader.loadClass(Launcher.java:349)
	at java.lang.ClassLoader.loadClass(ClassLoader.java:357)
	... 33 common frames omitted
2018-12-11 15:38:47,415 WARN  main                             - DTX-301:There must be one address registry, but found none.
2018-12-11 15:38:47,415 INFO  main                             - Dtx-server address registry inited, registry class types:[]
2018-12-11 15:38:47,415 INFO  main                             - dtx-rpc init finish.
2018-12-11 15:39:51,987 INFO  main                             - DTX rpc init start.
2018-12-11 15:40:12,977 INFO  main                             - dtx-rpc init antvip client finish. AntVip:100.103.1.174,instanceId:DEFAULT
2018-12-11 15:40:22,982 WARN  main                             - get dtx server list (CloudAntVip) error
2018-12-11 15:40:22,984 ERROR main                             - subscribeServerAddress error
java.util.ServiceConfigurationError: com.alipay.dtx.registry.IServerAddress: Provider com.alipay.dtx.registry.antvip.AntVipServerAddress could not be instantiated
	at java.util.ServiceLoader.fail(ServiceLoader.java:232)
	at java.util.ServiceLoader.access$100(ServiceLoader.java:185)
	at java.util.ServiceLoader$LazyIterator.nextService(ServiceLoader.java:384)
	at java.util.ServiceLoader$LazyIterator.next(ServiceLoader.java:404)
	at java.util.ServiceLoader$1.next(ServiceLoader.java:480)
	at com.alipay.dtx.registry.server.AddressSubscribe.subscribeServerAddress(AddressSubscribe.java:35)
	at com.alipay.dtx.rpc.client.address.impl.ServerAddressManager.init(ServerAddressManager.java:58)
	at com.alipay.dtx.rpc.client.impl.DefaultRpcClient.init(DefaultRpcClient.java:83)
	at com.alipay.dtx.client.core.DtxClient.init(DtxClient.java:99)
	at com.alipay.dtx.client.core.DtxClient.getIntance(DtxClient.java:78)
	at com.alipay.dtx.client.core.factory.DtxClientFactory.initDtxClient(DtxClientFactory.java:26)
	at com.alipay.sofa.dtx.client.aop.ComponentScanner.initDtxClient(ComponentScanner.java:588)
	at com.alipay.sofa.dtx.client.aop.ComponentScanner.afterPropertiesSet(ComponentScanner.java:612)
	at org.springframework.beans.factory.support.AbstractAutowireCapableBeanFactory.invokeInitMethods(AbstractAutowireCapableBeanFactory.java:1642)
	at org.springframework.beans.factory.support.AbstractAutowireCapableBeanFactory.initializeBean(AbstractAutowireCapableBeanFactory.java:1579)
	at org.springframework.beans.factory.support.AbstractAutowireCapableBeanFactory.doCreateBean(AbstractAutowireCapableBeanFactory.java:553)
	at org.springframework.beans.factory.support.AbstractAutowireCapableBeanFactory.createBean(AbstractAutowireCapableBeanFactory.java:482)
	at org.springframework.beans.factory.support.AbstractBeanFactory$1.getObject(AbstractBeanFactory.java:306)
	at org.springframework.beans.factory.support.DefaultSingletonBeanRegistry.getSingleton(DefaultSingletonBeanRegistry.java:230)
	at org.springframework.beans.factory.support.AbstractBeanFactory.doGetBean(AbstractBeanFactory.java:302)
	at org.springframework.beans.factory.support.AbstractBeanFactory.getBean(AbstractBeanFactory.java:202)
	at org.springframework.context.support.PostProcessorRegistrationDelegate.invokeBeanFactoryPostProcessors(PostProcessorRegistrationDelegate.java:149)
	at org.springframework.context.support.AbstractApplicationContext.invokeBeanFactoryPostProcessors(AbstractApplicationContext.java:686)
	at org.springframework.context.support.AbstractApplicationContext.refresh(AbstractApplicationContext.java:524)
	at org.springframework.boot.context.embedded.EmbeddedWebApplicationContext.refresh(EmbeddedWebApplicationContext.java:122)
	at org.springframework.boot.SpringApplication.refresh(SpringApplication.java:761)
	at org.springframework.boot.SpringApplication.refreshContext(SpringApplication.java:371)
	at org.springframework.boot.SpringApplication.run(SpringApplication.java:315)
	at org.springframework.boot.SpringApplication.run(SpringApplication.java:1186)
	at org.springframework.boot.SpringApplication.run(SpringApplication.java:1175)
	at com.yaoqian.mini_alipay.DemoApplication.main(DemoApplication.java:24)
Caused by: java.lang.NoClassDefFoundError: com/alipay/antvip/client/AntVipListener
	at java.lang.Class.getDeclaredConstructors0(Native Method)
	at java.lang.Class.privateGetDeclaredConstructors(Class.java:2671)
	at java.lang.Class.getConstructor0(Class.java:3075)
	at java.lang.Class.newInstance(Class.java:412)
	at java.util.ServiceLoader$LazyIterator.nextService(ServiceLoader.java:380)
	... 28 common frames omitted
Caused by: java.lang.ClassNotFoundException: com.alipay.antvip.client.AntVipListener
	at java.net.URLClassLoader.findClass(URLClassLoader.java:381)
	at java.lang.ClassLoader.loadClass(ClassLoader.java:424)
	at sun.misc.Launcher$AppClassLoader.loadClass(Launcher.java:349)
	at java.lang.ClassLoader.loadClass(ClassLoader.java:357)
	... 33 common frames omitted
2018-12-11 15:40:22,998 WARN  main                             - DTX-301:There must be one address registry, but found none.
2018-12-11 15:40:22,999 INFO  main                             - Dtx-server address registry inited, registry class types:[]
2018-12-11 15:40:22,999 INFO  main                             - dtx-rpc init finish.
2018-12-11 18:19:23,090 INFO  main                             - DTX rpc init start.
2018-12-11 18:19:43,400 INFO  main                             - dtx-rpc init antvip client finish. AntVip:100.103.1.174,instanceId:DEFAULT
2018-12-11 18:19:53,404 WARN  main                             - get dtx server list (CloudAntVip) error
2018-12-11 18:19:53,408 ERROR main                             - subscribeServerAddress error
java.util.ServiceConfigurationError: com.alipay.dtx.registry.IServerAddress: Provider com.alipay.dtx.registry.antvip.AntVipServerAddress could not be instantiated
	at java.util.ServiceLoader.fail(ServiceLoader.java:232)
	at java.util.ServiceLoader.access$100(ServiceLoader.java:185)
	at java.util.ServiceLoader$LazyIterator.nextService(ServiceLoader.java:384)
	at java.util.ServiceLoader$LazyIterator.next(ServiceLoader.java:404)
	at java.util.ServiceLoader$1.next(ServiceLoader.java:480)
	at com.alipay.dtx.registry.server.AddressSubscribe.subscribeServerAddress(AddressSubscribe.java:35)
	at com.alipay.dtx.rpc.client.address.impl.ServerAddressManager.init(ServerAddressManager.java:58)
	at com.alipay.dtx.rpc.client.impl.DefaultRpcClient.init(DefaultRpcClient.java:83)
	at com.alipay.dtx.client.core.DtxClient.init(DtxClient.java:99)
	at com.alipay.dtx.client.core.DtxClient.getIntance(DtxClient.java:78)
	at com.alipay.dtx.client.core.factory.DtxClientFactory.initDtxClient(DtxClientFactory.java:26)
	at com.alipay.sofa.dtx.client.aop.ComponentScanner.initDtxClient(ComponentScanner.java:588)
	at com.alipay.sofa.dtx.client.aop.ComponentScanner.afterPropertiesSet(ComponentScanner.java:612)
	at org.springframework.beans.factory.support.AbstractAutowireCapableBeanFactory.invokeInitMethods(AbstractAutowireCapableBeanFactory.java:1642)
	at org.springframework.beans.factory.support.AbstractAutowireCapableBeanFactory.initializeBean(AbstractAutowireCapableBeanFactory.java:1579)
	at org.springframework.beans.factory.support.AbstractAutowireCapableBeanFactory.doCreateBean(AbstractAutowireCapableBeanFactory.java:553)
	at org.springframework.beans.factory.support.AbstractAutowireCapableBeanFactory.createBean(AbstractAutowireCapableBeanFactory.java:482)
	at org.springframework.beans.factory.support.AbstractBeanFactory$1.getObject(AbstractBeanFactory.java:306)
	at org.springframework.beans.factory.support.DefaultSingletonBeanRegistry.getSingleton(DefaultSingletonBeanRegistry.java:230)
	at org.springframework.beans.factory.support.AbstractBeanFactory.doGetBean(AbstractBeanFactory.java:302)
	at org.springframework.beans.factory.support.AbstractBeanFactory.getBean(AbstractBeanFactory.java:202)
	at org.springframework.context.support.PostProcessorRegistrationDelegate.invokeBeanFactoryPostProcessors(PostProcessorRegistrationDelegate.java:149)
	at org.springframework.context.support.AbstractApplicationContext.invokeBeanFactoryPostProcessors(AbstractApplicationContext.java:686)
	at org.springframework.context.support.AbstractApplicationContext.refresh(AbstractApplicationContext.java:524)
	at org.springframework.boot.context.embedded.EmbeddedWebApplicationContext.refresh(EmbeddedWebApplicationContext.java:122)
	at org.springframework.boot.SpringApplication.refresh(SpringApplication.java:761)
	at org.springframework.boot.SpringApplication.refreshContext(SpringApplication.java:371)
	at org.springframework.boot.SpringApplication.run(SpringApplication.java:315)
	at org.springframework.boot.SpringApplication.run(SpringApplication.java:1186)
	at org.springframework.boot.SpringApplication.run(SpringApplication.java:1175)
	at com.yaoqian.mini_alipay.DemoApplication.main(DemoApplication.java:24)
Caused by: java.lang.NoClassDefFoundError: com/alipay/antvip/client/AntVipClient4CE
	at com.alipay.dtx.registry.antvip.AntVipServerAddress.<clinit>(AntVipServerAddress.java:35)
	at sun.reflect.NativeConstructorAccessorImpl.newInstance0(Native Method)
	at sun.reflect.NativeConstructorAccessorImpl.newInstance(NativeConstructorAccessorImpl.java:62)
	at sun.reflect.DelegatingConstructorAccessorImpl.newInstance(DelegatingConstructorAccessorImpl.java:45)
	at java.lang.reflect.Constructor.newInstance(Constructor.java:423)
	at java.lang.Class.newInstance(Class.java:442)
	at java.util.ServiceLoader$LazyIterator.nextService(ServiceLoader.java:380)
	... 28 common frames omitted
Caused by: java.lang.ClassNotFoundException: com.alipay.antvip.client.AntVipClient4CE
	at java.net.URLClassLoader.findClass(URLClassLoader.java:381)
	at java.lang.ClassLoader.loadClass(ClassLoader.java:424)
	at sun.misc.Launcher$AppClassLoader.loadClass(Launcher.java:349)
	at java.lang.ClassLoader.loadClass(ClassLoader.java:357)
	... 35 common frames omitted
2018-12-11 18:19:53,421 WARN  main                             - DTX-301:There must be one address registry, but found none.
2018-12-11 18:19:53,421 INFO  main                             - Dtx-server address registry inited, registry class types:[]
2018-12-11 18:19:53,421 INFO  main                             - dtx-rpc init finish.
2018-12-11 18:25:03,269 INFO  main                             - DTX rpc init start.
2018-12-11 18:25:23,574 INFO  main                             - dtx-rpc init antvip client finish. AntVip:100.103.1.174,instanceId:DEFAULT
2018-12-11 18:25:33,578 WARN  main                             - get dtx server list (CloudAntVip) error
2018-12-11 18:25:33,580 ERROR main                             - subscribeServerAddress error
java.util.ServiceConfigurationError: com.alipay.dtx.registry.IServerAddress: Provider com.alipay.dtx.registry.antvip.AntVipServerAddress could not be instantiated
	at java.util.ServiceLoader.fail(ServiceLoader.java:232)
	at java.util.ServiceLoader.access$100(ServiceLoader.java:185)
	at java.util.ServiceLoader$LazyIterator.nextService(ServiceLoader.java:384)
	at java.util.ServiceLoader$LazyIterator.next(ServiceLoader.java:404)
	at java.util.ServiceLoader$1.next(ServiceLoader.java:480)
	at com.alipay.dtx.registry.server.AddressSubscribe.subscribeServerAddress(AddressSubscribe.java:35)
	at com.alipay.dtx.rpc.client.address.impl.ServerAddressManager.init(ServerAddressManager.java:58)
	at com.alipay.dtx.rpc.client.impl.DefaultRpcClient.init(DefaultRpcClient.java:83)
	at com.alipay.dtx.client.core.DtxClient.init(DtxClient.java:99)
	at com.alipay.dtx.client.core.DtxClient.getIntance(DtxClient.java:78)
	at com.alipay.dtx.client.core.factory.DtxClientFactory.initDtxClient(DtxClientFactory.java:26)
	at com.alipay.sofa.dtx.client.aop.ComponentScanner.initDtxClient(ComponentScanner.java:588)
	at com.alipay.sofa.dtx.client.aop.ComponentScanner.afterPropertiesSet(ComponentScanner.java:612)
	at org.springframework.beans.factory.support.AbstractAutowireCapableBeanFactory.invokeInitMethods(AbstractAutowireCapableBeanFactory.java:1642)
	at org.springframework.beans.factory.support.AbstractAutowireCapableBeanFactory.initializeBean(AbstractAutowireCapableBeanFactory.java:1579)
	at org.springframework.beans.factory.support.AbstractAutowireCapableBeanFactory.doCreateBean(AbstractAutowireCapableBeanFactory.java:553)
	at org.springframework.beans.factory.support.AbstractAutowireCapableBeanFactory.createBean(AbstractAutowireCapableBeanFactory.java:482)
	at org.springframework.beans.factory.support.AbstractBeanFactory$1.getObject(AbstractBeanFactory.java:306)
	at org.springframework.beans.factory.support.DefaultSingletonBeanRegistry.getSingleton(DefaultSingletonBeanRegistry.java:230)
	at org.springframework.beans.factory.support.AbstractBeanFactory.doGetBean(AbstractBeanFactory.java:302)
	at org.springframework.beans.factory.support.AbstractBeanFactory.getBean(AbstractBeanFactory.java:202)
	at org.springframework.context.support.PostProcessorRegistrationDelegate.invokeBeanFactoryPostProcessors(PostProcessorRegistrationDelegate.java:149)
	at org.springframework.context.support.AbstractApplicationContext.invokeBeanFactoryPostProcessors(AbstractApplicationContext.java:686)
	at org.springframework.context.support.AbstractApplicationContext.refresh(AbstractApplicationContext.java:524)
	at org.springframework.boot.context.embedded.EmbeddedWebApplicationContext.refresh(EmbeddedWebApplicationContext.java:122)
	at org.springframework.boot.SpringApplication.refresh(SpringApplication.java:761)
	at org.springframework.boot.SpringApplication.refreshContext(SpringApplication.java:371)
	at org.springframework.boot.SpringApplication.run(SpringApplication.java:315)
	at org.springframework.boot.SpringApplication.run(SpringApplication.java:1186)
	at org.springframework.boot.SpringApplication.run(SpringApplication.java:1175)
	at com.yaoqian.mini_alipay.DemoApplication.main(DemoApplication.java:24)
Caused by: java.lang.NoClassDefFoundError: com/alipay/antvip/client/AntVipClient4CE
	at com.alipay.dtx.registry.antvip.AntVipServerAddress.<clinit>(AntVipServerAddress.java:35)
	at sun.reflect.NativeConstructorAccessorImpl.newInstance0(Native Method)
	at sun.reflect.NativeConstructorAccessorImpl.newInstance(NativeConstructorAccessorImpl.java:62)
	at sun.reflect.DelegatingConstructorAccessorImpl.newInstance(DelegatingConstructorAccessorImpl.java:45)
	at java.lang.reflect.Constructor.newInstance(Constructor.java:423)
	at java.lang.Class.newInstance(Class.java:442)
	at java.util.ServiceLoader$LazyIterator.nextService(ServiceLoader.java:380)
	... 28 common frames omitted
Caused by: java.lang.ClassNotFoundException: com.alipay.antvip.client.AntVipClient4CE
	at java.net.URLClassLoader.findClass(URLClassLoader.java:381)
	at java.lang.ClassLoader.loadClass(ClassLoader.java:424)
	at sun.misc.Launcher$AppClassLoader.loadClass(Launcher.java:349)
	at java.lang.ClassLoader.loadClass(ClassLoader.java:357)
	... 35 common frames omitted
2018-12-11 18:25:33,588 WARN  main                             - DTX-301:There must be one address registry, but found none.
2018-12-11 18:25:33,588 INFO  main                             - Dtx-server address registry inited, registry class types:[]
2018-12-11 18:25:33,588 INFO  main                             - dtx-rpc init finish.
